<?xml version="1.0" encoding="utf-8"?>
<TestRun id="d903a51d-1c27-406c-b89f-e9a44881594b" name="@guedesmacbookpro2019 2021-01-06 20:23:53" xmlns="http://microsoft.com/schemas/VisualStudio/TeamTest/2010">
  <Times creation="2021-01-06T20:23:53.0356880+01:00" queuing="2021-01-06T20:23:53.0356880+01:00" start="2021-01-06T20:23:51.9507460+01:00" finish="2021-01-06T20:23:53.0843010+01:00" />
  <TestSettings name="default" id="b4361b4d-f78d-4564-a578-28bb54a85288">
    <Deployment runDeploymentRoot="_guedesmacbookpro2019_2021-01-06_20_23_53" />
  </TestSettings>
  <Results>
    <UnitTestResult executionId="a6e5077b-c482-485d-84f9-194d2622625f" testId="3c5ef007-42b5-f6bb-a0fb-346c6107b7b6" testName="TestExtractAllEnitiesFromMainWithParent" computerName="guedesmacbookpro2019" duration="00:00:00.0012811" startTime="2021-01-06T20:23:52.9521570+01:00" endTime="2021-01-06T20:23:52.9535100+01:00" testType="13cdc9d9-ddb5-4fa4-a97d-d965ccfc6d4b" outcome="Passed" testListId="8c84fa94-04c1-424b-9868-57a2d4851a1d" relativeResultsDirectory="a6e5077b-c482-485d-84f9-194d2622625f" />
    <UnitTestResult executionId="0fe8f14d-e9bb-4779-83f4-b90f2d50c457" testId="41f84c58-e322-9cec-4d8e-29ff173c824e" testName="TestExtractAllEnitiesFromParentPoco" computerName="guedesmacbookpro2019" duration="00:00:00.0007786" startTime="2021-01-06T20:23:52.9512950+01:00" endTime="2021-01-06T20:23:52.9521420+01:00" testType="13cdc9d9-ddb5-4fa4-a97d-d965ccfc6d4b" outcome="Passed" testListId="8c84fa94-04c1-424b-9868-57a2d4851a1d" relativeResultsDirectory="0fe8f14d-e9bb-4779-83f4-b90f2d50c457" />
    <UnitTestResult executionId="78d66026-b128-4d46-a0ac-6d206e9e8be0" testId="2e7bdc21-96f2-65fc-20d1-cd45c83ffc6e" testName="TestPocoWithEmptyArray" computerName="guedesmacbookpro2019" duration="00:00:00.0001829" startTime="2021-01-06T20:23:52.9463210+01:00" endTime="2021-01-06T20:23:52.9467090+01:00" testType="13cdc9d9-ddb5-4fa4-a97d-d965ccfc6d4b" outcome="Passed" testListId="8c84fa94-04c1-424b-9868-57a2d4851a1d" relativeResultsDirectory="78d66026-b128-4d46-a0ac-6d206e9e8be0" />
    <UnitTestResult executionId="03303156-fe73-4196-83cf-138f8e989f56" testId="b2da3c52-810e-05e8-aa45-c6b810edb8db" testName="TestBuildAllEnitiesFromSimplePoco" computerName="guedesmacbookpro2019" duration="00:00:00.0062589" startTime="2021-01-06T20:23:52.6813970+01:00" endTime="2021-01-06T20:23:52.6878230+01:00" testType="13cdc9d9-ddb5-4fa4-a97d-d965ccfc6d4b" outcome="Passed" testListId="8c84fa94-04c1-424b-9868-57a2d4851a1d" relativeResultsDirectory="03303156-fe73-4196-83cf-138f8e989f56" />
    <UnitTestResult executionId="dc5370a8-c708-4fec-8129-077efb969751" testId="703f0799-1236-34b3-6ecb-36664b464f36" testName="TestGetAllExtension" computerName="guedesmacbookpro2019" duration="00:00:00.2068413" startTime="2021-01-06T20:23:52.6898410+01:00" endTime="2021-01-06T20:23:52.8968730+01:00" testType="13cdc9d9-ddb5-4fa4-a97d-d965ccfc6d4b" outcome="Passed" testListId="8c84fa94-04c1-424b-9868-57a2d4851a1d" relativeResultsDirectory="dc5370a8-c708-4fec-8129-077efb969751" />
    <UnitTestResult executionId="1e5821d4-acd3-4494-b862-7e5a70071b83" testId="f9170ea0-871d-cbd4-2c0c-bec9947d1313" testName="TestBuildAllEnitiesFromSimplePocoWithNullId" computerName="guedesmacbookpro2019" duration="00:00:00.0005052" startTime="2021-01-06T20:23:52.6878390+01:00" endTime="2021-01-06T20:23:52.6884130+01:00" testType="13cdc9d9-ddb5-4fa4-a97d-d965ccfc6d4b" outcome="Passed" testListId="8c84fa94-04c1-424b-9868-57a2d4851a1d" relativeResultsDirectory="1e5821d4-acd3-4494-b862-7e5a70071b83" />
    <UnitTestResult executionId="1ab3c946-73b7-4400-94ad-94af7ecd79ce" testId="e6de8e12-2c4b-94dc-8197-d0a51a292fe1" testName="TestBuildAllEnitiesFromParentPoco" computerName="guedesmacbookpro2019" duration="00:00:00.0007202" startTime="2021-01-06T20:23:52.6884250+01:00" endTime="2021-01-06T20:23:52.6892030+01:00" testType="13cdc9d9-ddb5-4fa4-a97d-d965ccfc6d4b" outcome="Passed" testListId="8c84fa94-04c1-424b-9868-57a2d4851a1d" relativeResultsDirectory="1ab3c946-73b7-4400-94ad-94af7ecd79ce" />
    <UnitTestResult executionId="721985e6-3902-4707-b4ea-1800289d4d13" testId="ef5f96e7-2ac6-35f4-474d-87ba33446ae4" testName="TestPocoWithInitializedArray" computerName="guedesmacbookpro2019" duration="00:00:00.0037935" startTime="2021-01-06T20:23:52.6774930+01:00" endTime="2021-01-06T20:23:52.6813820+01:00" testType="13cdc9d9-ddb5-4fa4-a97d-d965ccfc6d4b" outcome="Passed" testListId="8c84fa94-04c1-424b-9868-57a2d4851a1d" relativeResultsDirectory="721985e6-3902-4707-b4ea-1800289d4d13" />
    <UnitTestResult executionId="709c8f77-fbb3-44fa-95a9-4230f49ef85c" testId="3ad1da28-f979-6189-099c-6d76f3ed2bb8" testName="TestExtractAllEnitiesFromSimplePocoWithNullId" computerName="guedesmacbookpro2019" duration="00:00:00.0001605" startTime="2021-01-06T20:23:52.9510070+01:00" endTime="2021-01-06T20:23:52.9512800+01:00" testType="13cdc9d9-ddb5-4fa4-a97d-d965ccfc6d4b" outcome="Passed" testListId="8c84fa94-04c1-424b-9868-57a2d4851a1d" relativeResultsDirectory="709c8f77-fbb3-44fa-95a9-4230f49ef85c" />
    <UnitTestResult executionId="b16cea93-330d-479a-be96-47cc61a027ed" testId="9cf2bacd-dba0-07f2-cf23-6f56500d85c5" testName="TestBuildAllEnitiesFromMainWithParent" computerName="guedesmacbookpro2019" duration="00:00:00.0005425" startTime="2021-01-06T20:23:52.6892150+01:00" endTime="2021-01-06T20:23:52.6898250+01:00" testType="13cdc9d9-ddb5-4fa4-a97d-d965ccfc6d4b" outcome="Passed" testListId="8c84fa94-04c1-424b-9868-57a2d4851a1d" relativeResultsDirectory="b16cea93-330d-479a-be96-47cc61a027ed" />
    <UnitTestResult executionId="4615ca81-6dc5-4c4e-bcd3-f216e5fe2743" testId="f5c7da70-ad14-d479-ba68-eb173a9a2ebc" testName="TestPocoWithEmptyArray" computerName="guedesmacbookpro2019" duration="00:00:00.0005089" startTime="2021-01-06T20:23:52.6766300+01:00" endTime="2021-01-06T20:23:52.6773810+01:00" testType="13cdc9d9-ddb5-4fa4-a97d-d965ccfc6d4b" outcome="Passed" testListId="8c84fa94-04c1-424b-9868-57a2d4851a1d" relativeResultsDirectory="4615ca81-6dc5-4c4e-bcd3-f216e5fe2743" />
    <UnitTestResult executionId="f9a515e3-7cce-432c-bc67-878f4fcc6a20" testId="4feca539-5788-2e3b-5bd3-4c6255c5cb9f" testName="TestListObjects" computerName="guedesmacbookpro2019" duration="00:00:00.0363388" startTime="2021-01-06T20:23:52.6055510+01:00" endTime="2021-01-06T20:23:52.6699300+01:00" testType="13cdc9d9-ddb5-4fa4-a97d-d965ccfc6d4b" outcome="Passed" testListId="8c84fa94-04c1-424b-9868-57a2d4851a1d" relativeResultsDirectory="f9a515e3-7cce-432c-bc67-878f4fcc6a20" />
    <UnitTestResult executionId="847485d4-cbda-4bbf-aa7e-78980b724c1a" testId="f60bd93e-7fd7-78e6-ac91-f6859ca4b2da" testName="TestListObjects" computerName="guedesmacbookpro2019" duration="00:00:00.0003630" startTime="2021-01-06T20:23:52.8969020+01:00" endTime="2021-01-06T20:23:52.8975670+01:00" testType="13cdc9d9-ddb5-4fa4-a97d-d965ccfc6d4b" outcome="Passed" testListId="8c84fa94-04c1-424b-9868-57a2d4851a1d" relativeResultsDirectory="847485d4-cbda-4bbf-aa7e-78980b724c1a" />
    <UnitTestResult executionId="87cf91b3-1fd4-42c8-b15b-6c515870998a" testId="105bd2b7-d0e1-c8ce-697f-702c795c9f44" testName="TestPocoWithInitializedArray" computerName="guedesmacbookpro2019" duration="00:00:00.0002003" startTime="2021-01-06T20:23:52.9467300+01:00" endTime="2021-01-06T20:23:52.9469940+01:00" testType="13cdc9d9-ddb5-4fa4-a97d-d965ccfc6d4b" outcome="Passed" testListId="8c84fa94-04c1-424b-9868-57a2d4851a1d" relativeResultsDirectory="87cf91b3-1fd4-42c8-b15b-6c515870998a" />
    <UnitTestResult executionId="d4e30273-ed0d-4c04-93ff-5c668fe6093d" testId="a2a2409d-e256-76b3-a50b-0fd41852bd81" testName="TestExtractAllEnitiesFromSimplePoco" computerName="guedesmacbookpro2019" duration="00:00:00.0038021" startTime="2021-01-06T20:23:52.9470090+01:00" endTime="2021-01-06T20:23:52.9509740+01:00" testType="13cdc9d9-ddb5-4fa4-a97d-d965ccfc6d4b" outcome="Passed" testListId="8c84fa94-04c1-424b-9868-57a2d4851a1d" relativeResultsDirectory="d4e30273-ed0d-4c04-93ff-5c668fe6093d" />
  </Results>
  <TestDefinitions>
    <UnitTest name="TestPocoWithEmptyArray" storage="/users/guede/development/repositories/azurecloudtableobjectserializer/cloudtableutils.test/bin/debug/netcoreapp3.1/cloudtableutilstest.dll" id="f5c7da70-ad14-d479-ba68-eb173a9a2ebc">
      <Execution id="4615ca81-6dc5-4c4e-bcd3-f216e5fe2743" />
      <TestMethod codeBase="/Users/guede/Development/Repositories/AzureCloudTableObjectSerializer/CloudTableUtils.Test/bin/Debug/netcoreapp3.1/CloudTableUtilsTest.dll" adapterTypeName="executor://mstestadapter/v2" className="WebGate.Azure.CloudTableUtilsTest.BuilderListArrayTest" name="TestPocoWithEmptyArray" />
    </UnitTest>
    <UnitTest name="TestListObjects" storage="/users/guede/development/repositories/azurecloudtableobjectserializer/cloudtableutils.test/bin/debug/netcoreapp3.1/cloudtableutilstest.dll" id="f60bd93e-7fd7-78e6-ac91-f6859ca4b2da">
      <Execution id="847485d4-cbda-4bbf-aa7e-78980b724c1a" />
      <TestMethod codeBase="/Users/guede/Development/Repositories/AzureCloudTableObjectSerializer/CloudTableUtils.Test/bin/Debug/netcoreapp3.1/CloudTableUtilsTest.dll" adapterTypeName="executor://mstestadapter/v2" className="WebGate.Azure.CloudTableUtilsTest.SerializerIEnumberableTest" name="TestListObjects" />
    </UnitTest>
    <UnitTest name="TestBuildAllEnitiesFromMainWithParent" storage="/users/guede/development/repositories/azurecloudtableobjectserializer/cloudtableutils.test/bin/debug/netcoreapp3.1/cloudtableutilstest.dll" id="9cf2bacd-dba0-07f2-cf23-6f56500d85c5">
      <Execution id="b16cea93-330d-479a-be96-47cc61a027ed" />
      <TestMethod codeBase="/Users/guede/Development/Repositories/AzureCloudTableObjectSerializer/CloudTableUtils.Test/bin/Debug/netcoreapp3.1/CloudTableUtilsTest.dll" adapterTypeName="executor://mstestadapter/v2" className="WebGate.Azure.CloudTableUtilsTest.BuilderTests" name="TestBuildAllEnitiesFromMainWithParent" />
    </UnitTest>
    <UnitTest name="TestPocoWithInitializedArray" storage="/users/guede/development/repositories/azurecloudtableobjectserializer/cloudtableutils.test/bin/debug/netcoreapp3.1/cloudtableutilstest.dll" id="ef5f96e7-2ac6-35f4-474d-87ba33446ae4">
      <Execution id="721985e6-3902-4707-b4ea-1800289d4d13" />
      <TestMethod codeBase="/Users/guede/Development/Repositories/AzureCloudTableObjectSerializer/CloudTableUtils.Test/bin/Debug/netcoreapp3.1/CloudTableUtilsTest.dll" adapterTypeName="executor://mstestadapter/v2" className="WebGate.Azure.CloudTableUtilsTest.BuilderListArrayTest" name="TestPocoWithInitializedArray" />
    </UnitTest>
    <UnitTest name="TestExtractAllEnitiesFromMainWithParent" storage="/users/guede/development/repositories/azurecloudtableobjectserializer/cloudtableutils.test/bin/debug/netcoreapp3.1/cloudtableutilstest.dll" id="3c5ef007-42b5-f6bb-a0fb-346c6107b7b6">
      <Execution id="a6e5077b-c482-485d-84f9-194d2622625f" />
      <TestMethod codeBase="/Users/guede/Development/Repositories/AzureCloudTableObjectSerializer/CloudTableUtils.Test/bin/Debug/netcoreapp3.1/CloudTableUtilsTest.dll" adapterTypeName="executor://mstestadapter/v2" className="WebGate.Azure.CloudTableUtilsTest.SerlializerTests" name="TestExtractAllEnitiesFromMainWithParent" />
    </UnitTest>
    <UnitTest name="TestExtractAllEnitiesFromSimplePoco" storage="/users/guede/development/repositories/azurecloudtableobjectserializer/cloudtableutils.test/bin/debug/netcoreapp3.1/cloudtableutilstest.dll" id="a2a2409d-e256-76b3-a50b-0fd41852bd81">
      <Execution id="d4e30273-ed0d-4c04-93ff-5c668fe6093d" />
      <TestMethod codeBase="/Users/guede/Development/Repositories/AzureCloudTableObjectSerializer/CloudTableUtils.Test/bin/Debug/netcoreapp3.1/CloudTableUtilsTest.dll" adapterTypeName="executor://mstestadapter/v2" className="WebGate.Azure.CloudTableUtilsTest.SerlializerTests" name="TestExtractAllEnitiesFromSimplePoco" />
    </UnitTest>
    <UnitTest name="TestExtractAllEnitiesFromParentPoco" storage="/users/guede/development/repositories/azurecloudtableobjectserializer/cloudtableutils.test/bin/debug/netcoreapp3.1/cloudtableutilstest.dll" id="41f84c58-e322-9cec-4d8e-29ff173c824e">
      <Execution id="0fe8f14d-e9bb-4779-83f4-b90f2d50c457" />
      <TestMethod codeBase="/Users/guede/Development/Repositories/AzureCloudTableObjectSerializer/CloudTableUtils.Test/bin/Debug/netcoreapp3.1/CloudTableUtilsTest.dll" adapterTypeName="executor://mstestadapter/v2" className="WebGate.Azure.CloudTableUtilsTest.SerlializerTests" name="TestExtractAllEnitiesFromParentPoco" />
    </UnitTest>
    <UnitTest name="TestPocoWithInitializedArray" storage="/users/guede/development/repositories/azurecloudtableobjectserializer/cloudtableutils.test/bin/debug/netcoreapp3.1/cloudtableutilstest.dll" id="105bd2b7-d0e1-c8ce-697f-702c795c9f44">
      <Execution id="87cf91b3-1fd4-42c8-b15b-6c515870998a" />
      <TestMethod codeBase="/Users/guede/Development/Repositories/AzureCloudTableObjectSerializer/CloudTableUtils.Test/bin/Debug/netcoreapp3.1/CloudTableUtilsTest.dll" adapterTypeName="executor://mstestadapter/v2" className="WebGate.Azure.CloudTableUtilsTest.SerializerListArrayTest" name="TestPocoWithInitializedArray" />
    </UnitTest>
    <UnitTest name="TestBuildAllEnitiesFromSimplePoco" storage="/users/guede/development/repositories/azurecloudtableobjectserializer/cloudtableutils.test/bin/debug/netcoreapp3.1/cloudtableutilstest.dll" id="b2da3c52-810e-05e8-aa45-c6b810edb8db">
      <Execution id="03303156-fe73-4196-83cf-138f8e989f56" />
      <TestMethod codeBase="/Users/guede/Development/Repositories/AzureCloudTableObjectSerializer/CloudTableUtils.Test/bin/Debug/netcoreapp3.1/CloudTableUtilsTest.dll" adapterTypeName="executor://mstestadapter/v2" className="WebGate.Azure.CloudTableUtilsTest.BuilderTests" name="TestBuildAllEnitiesFromSimplePoco" />
    </UnitTest>
    <UnitTest name="TestGetAllExtension" storage="/users/guede/development/repositories/azurecloudtableobjectserializer/cloudtableutils.test/bin/debug/netcoreapp3.1/cloudtableutilstest.dll" id="703f0799-1236-34b3-6ecb-36664b464f36">
      <Execution id="dc5370a8-c708-4fec-8129-077efb969751" />
      <TestMethod codeBase="/Users/guede/Development/Repositories/AzureCloudTableObjectSerializer/CloudTableUtils.Test/bin/Debug/netcoreapp3.1/CloudTableUtilsTest.dll" adapterTypeName="executor://mstestadapter/v2" className="WebGate.Azure.CloudTableUtilsTest.CloudTableExtensionsTest" name="TestGetAllExtension" />
    </UnitTest>
    <UnitTest name="TestExtractAllEnitiesFromSimplePocoWithNullId" storage="/users/guede/development/repositories/azurecloudtableobjectserializer/cloudtableutils.test/bin/debug/netcoreapp3.1/cloudtableutilstest.dll" id="3ad1da28-f979-6189-099c-6d76f3ed2bb8">
      <Execution id="709c8f77-fbb3-44fa-95a9-4230f49ef85c" />
      <TestMethod codeBase="/Users/guede/Development/Repositories/AzureCloudTableObjectSerializer/CloudTableUtils.Test/bin/Debug/netcoreapp3.1/CloudTableUtilsTest.dll" adapterTypeName="executor://mstestadapter/v2" className="WebGate.Azure.CloudTableUtilsTest.SerlializerTests" name="TestExtractAllEnitiesFromSimplePocoWithNullId" />
    </UnitTest>
    <UnitTest name="TestPocoWithEmptyArray" storage="/users/guede/development/repositories/azurecloudtableobjectserializer/cloudtableutils.test/bin/debug/netcoreapp3.1/cloudtableutilstest.dll" id="2e7bdc21-96f2-65fc-20d1-cd45c83ffc6e">
      <Execution id="78d66026-b128-4d46-a0ac-6d206e9e8be0" />
      <TestMethod codeBase="/Users/guede/Development/Repositories/AzureCloudTableObjectSerializer/CloudTableUtils.Test/bin/Debug/netcoreapp3.1/CloudTableUtilsTest.dll" adapterTypeName="executor://mstestadapter/v2" className="WebGate.Azure.CloudTableUtilsTest.SerializerListArrayTest" name="TestPocoWithEmptyArray" />
    </UnitTest>
    <UnitTest name="TestBuildAllEnitiesFromSimplePocoWithNullId" storage="/users/guede/development/repositories/azurecloudtableobjectserializer/cloudtableutils.test/bin/debug/netcoreapp3.1/cloudtableutilstest.dll" id="f9170ea0-871d-cbd4-2c0c-bec9947d1313">
      <Execution id="1e5821d4-acd3-4494-b862-7e5a70071b83" />
      <TestMethod codeBase="/Users/guede/Development/Repositories/AzureCloudTableObjectSerializer/CloudTableUtils.Test/bin/Debug/netcoreapp3.1/CloudTableUtilsTest.dll" adapterTypeName="executor://mstestadapter/v2" className="WebGate.Azure.CloudTableUtilsTest.BuilderTests" name="TestBuildAllEnitiesFromSimplePocoWithNullId" />
    </UnitTest>
    <UnitTest name="TestListObjects" storage="/users/guede/development/repositories/azurecloudtableobjectserializer/cloudtableutils.test/bin/debug/netcoreapp3.1/cloudtableutilstest.dll" id="4feca539-5788-2e3b-5bd3-4c6255c5cb9f">
      <Execution id="f9a515e3-7cce-432c-bc67-878f4fcc6a20" />
      <TestMethod codeBase="/Users/guede/Development/Repositories/AzureCloudTableObjectSerializer/CloudTableUtils.Test/bin/Debug/netcoreapp3.1/CloudTableUtilsTest.dll" adapterTypeName="executor://mstestadapter/v2" className="WebGate.Azure.CloudTableUtilsTest.BuilderIEnumberableTest" name="TestListObjects" />
    </UnitTest>
    <UnitTest name="TestBuildAllEnitiesFromParentPoco" storage="/users/guede/development/repositories/azurecloudtableobjectserializer/cloudtableutils.test/bin/debug/netcoreapp3.1/cloudtableutilstest.dll" id="e6de8e12-2c4b-94dc-8197-d0a51a292fe1">
      <Execution id="1ab3c946-73b7-4400-94ad-94af7ecd79ce" />
      <TestMethod codeBase="/Users/guede/Development/Repositories/AzureCloudTableObjectSerializer/CloudTableUtils.Test/bin/Debug/netcoreapp3.1/CloudTableUtilsTest.dll" adapterTypeName="executor://mstestadapter/v2" className="WebGate.Azure.CloudTableUtilsTest.BuilderTests" name="TestBuildAllEnitiesFromParentPoco" />
    </UnitTest>
  </TestDefinitions>
  <TestEntries>
    <TestEntry testId="3c5ef007-42b5-f6bb-a0fb-346c6107b7b6" executionId="a6e5077b-c482-485d-84f9-194d2622625f" testListId="8c84fa94-04c1-424b-9868-57a2d4851a1d" />
    <TestEntry testId="41f84c58-e322-9cec-4d8e-29ff173c824e" executionId="0fe8f14d-e9bb-4779-83f4-b90f2d50c457" testListId="8c84fa94-04c1-424b-9868-57a2d4851a1d" />
    <TestEntry testId="2e7bdc21-96f2-65fc-20d1-cd45c83ffc6e" executionId="78d66026-b128-4d46-a0ac-6d206e9e8be0" testListId="8c84fa94-04c1-424b-9868-57a2d4851a1d" />
    <TestEntry testId="b2da3c52-810e-05e8-aa45-c6b810edb8db" executionId="03303156-fe73-4196-83cf-138f8e989f56" testListId="8c84fa94-04c1-424b-9868-57a2d4851a1d" />
    <TestEntry testId="703f0799-1236-34b3-6ecb-36664b464f36" executionId="dc5370a8-c708-4fec-8129-077efb969751" testListId="8c84fa94-04c1-424b-9868-57a2d4851a1d" />
    <TestEntry testId="f9170ea0-871d-cbd4-2c0c-bec9947d1313" executionId="1e5821d4-acd3-4494-b862-7e5a70071b83" testListId="8c84fa94-04c1-424b-9868-57a2d4851a1d" />
    <TestEntry testId="e6de8e12-2c4b-94dc-8197-d0a51a292fe1" executionId="1ab3c946-73b7-4400-94ad-94af7ecd79ce" testListId="8c84fa94-04c1-424b-9868-57a2d4851a1d" />
    <TestEntry testId="ef5f96e7-2ac6-35f4-474d-87ba33446ae4" executionId="721985e6-3902-4707-b4ea-1800289d4d13" testListId="8c84fa94-04c1-424b-9868-57a2d4851a1d" />
    <TestEntry testId="3ad1da28-f979-6189-099c-6d76f3ed2bb8" executionId="709c8f77-fbb3-44fa-95a9-4230f49ef85c" testListId="8c84fa94-04c1-424b-9868-57a2d4851a1d" />
    <TestEntry testId="9cf2bacd-dba0-07f2-cf23-6f56500d85c5" executionId="b16cea93-330d-479a-be96-47cc61a027ed" testListId="8c84fa94-04c1-424b-9868-57a2d4851a1d" />
    <TestEntry testId="f5c7da70-ad14-d479-ba68-eb173a9a2ebc" executionId="4615ca81-6dc5-4c4e-bcd3-f216e5fe2743" testListId="8c84fa94-04c1-424b-9868-57a2d4851a1d" />
    <TestEntry testId="4feca539-5788-2e3b-5bd3-4c6255c5cb9f" executionId="f9a515e3-7cce-432c-bc67-878f4fcc6a20" testListId="8c84fa94-04c1-424b-9868-57a2d4851a1d" />
    <TestEntry testId="f60bd93e-7fd7-78e6-ac91-f6859ca4b2da" executionId="847485d4-cbda-4bbf-aa7e-78980b724c1a" testListId="8c84fa94-04c1-424b-9868-57a2d4851a1d" />
    <TestEntry testId="105bd2b7-d0e1-c8ce-697f-702c795c9f44" executionId="87cf91b3-1fd4-42c8-b15b-6c515870998a" testListId="8c84fa94-04c1-424b-9868-57a2d4851a1d" />
    <TestEntry testId="a2a2409d-e256-76b3-a50b-0fd41852bd81" executionId="d4e30273-ed0d-4c04-93ff-5c668fe6093d" testListId="8c84fa94-04c1-424b-9868-57a2d4851a1d" />
  </TestEntries>
  <TestLists>
    <TestList name="Results Not in a List" id="8c84fa94-04c1-424b-9868-57a2d4851a1d" />
    <TestList name="All Loaded Results" id="19431567-8539-422a-85d7-44ee4e166bda" />
  </TestLists>
  <ResultSummary outcome="Completed">
    <Counters total="15" executed="15" passed="15" failed="0" error="0" timeout="0" aborted="0" inconclusive="0" passedButRunAborted="0" notRunnable="0" notExecuted="0" disconnected="0" warning="0" completed="0" inProgress="0" pending="0" />
  </ResultSummary>
</TestRun>